This is pdfTeX, Version 3.141592653-2.6-1.40.22 (TeX Live 2022/dev/Debian) (preloaded format=pdflatex 2025.1.8)  8 JAN 2025 18:28
entering extended mode
 restricted \write18 enabled.
 %&-line parsing enabled.
**refman.tex
(./refman.tex
LaTeX2e <2021-11-15> patch level 1
L3 programming layer <2022-01-21>
(/usr/share/texlive/texmf-dist/tex/latex/base/book.cls
Document Class: book 2021/10/04 v1.4n Standard LaTeX document class
(/usr/share/texlive/texmf-dist/tex/latex/base/bk10.clo
File: bk10.clo 2021/10/04 v1.4n Standard LaTeX file (size option)
)
\c@part=\count185
\c@chapter=\count186
\c@section=\count187
\c@subsection=\count188
\c@subsubsection=\count189
\c@paragraph=\count190
\c@subparagraph=\count191
\c@figure=\count192
\c@table=\count193
\abovecaptionskip=\skip47
\belowcaptionskip=\skip48
\bibindent=\dimen138
)
(/usr/share/texlive/texmf-dist/tex/latex/base/ifthen.sty
Package: ifthen 2020/11/24 v1.1c Standard LaTeX ifthen package (DPC)
)
(/usr/share/texlive/texmf-dist/tex/latex/tools/array.sty
Rollback for package 'array' requested -> date 2016-10-06.
         Best approximation is the release introduced on 2016-10-06.

(/usr/share/texlive/texmf-dist/tex/latex/tools/array-2016-10-06.sty
Package: array 2016/10/06 v2.4d Tabular extension package (FMi)
\col@sep=\dimen139
\extrarowheight=\dimen140
\NC@list=\toks16
\extratabsurround=\skip49
\backup@length=\skip50
))
(/usr/share/texlive/texmf-dist/tex/latex/base/fixltx2e.sty
Package: fixltx2e 2016/12/29 v2.1a fixes to LaTeX (obsolete)
Applying: [2015/01/01] Old fixltx2e package on input line 46.


Package fixltx2e Warning: fixltx2e is not required with releases after 2015
(fixltx2e)                All fixes are now in the LaTeX kernel.
(fixltx2e)                See the latexrelease package for details.

Already applied: [0000/00/00] Old fixltx2e package on input line 53.
) (./doxygen.sty
Package: doxygen 
 (/usr/share/texlive/texmf-dist/tex/latex/base/alltt.sty
Package: alltt 2021/01/29 v2.0g defines alltt environment
)
(/usr/share/texlive/texmf-dist/tex/latex/tools/calc.sty
Package: calc 2017/05/25 v4.3 Infix arithmetic (KKT,FJ)
\calc@Acount=\count194
\calc@Bcount=\count195
\calc@Adimen=\dimen141
\calc@Bdimen=\dimen142
\calc@Askip=\skip51
\calc@Bskip=\skip52
LaTeX Info: Redefining \setlength on input line 80.
LaTeX Info: Redefining \addtolength on input line 81.
\calc@Ccount=\count196
\calc@Cskip=\skip53
)
(/usr/share/texlive/texmf-dist/tex/latex/float/float.sty
Package: float 2001/11/08 v1.3d Float enhancements (AL)
\c@float@type=\count197
\float@exts=\toks17
\float@box=\box50
\@float@everytoks=\toks18
\@floatcapt=\box51
)
(/usr/share/texlive/texmf-dist/tex/latex/tools/verbatim.sty
Package: verbatim 2020-07-07 v1.5u LaTeX2e package for verbatim enhancements
\every@verbatim=\toks19
\verbatim@line=\toks20
\verbatim@in@stream=\read2
)
(/usr/share/texlive/texmf-dist/tex/latex/xcolor/xcolor.sty
Package: xcolor 2021/10/31 v2.13 LaTeX color extensions (UK)

(/usr/share/texlive/texmf-dist/tex/latex/graphics-cfg/color.cfg
File: color.cfg 2016/01/02 v1.6 sample color configuration
)
Package xcolor Info: Driver file: pdftex.def on input line 227.

(/usr/share/texlive/texmf-dist/tex/latex/graphics-def/pdftex.def
File: pdftex.def 2020/10/05 v1.2a Graphics/color driver for pdftex
)
(/usr/share/texlive/texmf-dist/tex/latex/colortbl/colortbl.sty
Package: colortbl 2020/01/04 v1.0e Color table columns (DPC)
\everycr=\toks21
\minrowclearance=\skip54
)
\rownum=\count198
Package xcolor Info: Model `cmy' substituted by `cmy0' on input line 1352.
Package xcolor Info: Model `hsb' substituted by `rgb' on input line 1356.
Package xcolor Info: Model `RGB' extended on input line 1368.
Package xcolor Info: Model `HTML' substituted by `rgb' on input line 1370.
Package xcolor Info: Model `Hsb' substituted by `hsb' on input line 1371.
Package xcolor Info: Model `tHsb' substituted by `hsb' on input line 1372.
Package xcolor Info: Model `HSB' substituted by `hsb' on input line 1373.
Package xcolor Info: Model `Gray' substituted by `gray' on input line 1374.
Package xcolor Info: Model `wave' substituted by `hsb' on input line 1375.
)
(./longtable_doxygen.sty
Package: longtable_doxygen 2014/10/28 v4.11 Multi-page Table package (DPC) - fr
ozen version for doxygen
\LTleft=\skip55
\LTright=\skip56
\LTpre=\skip57
\LTpost=\skip58
\LTchunksize=\count199
\LTcapwidth=\dimen143
\LT@head=\box52
\LT@firsthead=\box53
\LT@foot=\box54
\LT@lastfoot=\box55
\LT@cols=\count266
\LT@rows=\count267
\c@LT@tables=\count268
\c@LT@chunks=\count269
\LT@p@ftn=\toks22
) (./tabu_doxygen.sty
Package: tabu_doxygen 2011/02/26 v2.8 - flexible LaTeX tabulars (FC), frozen ve
rsion for doxygen

(/usr/share/texlive/texmf-dist/tex/latex/varwidth/varwidth.sty
Package: varwidth 2009/03/30 ver 0.92;  Variable-width minipages
\@vwid@box=\box56
\sift@deathcycles=\count270
\@vwid@loff=\dimen144
\@vwid@roff=\dimen145
)
\c@taburow=\count271
\tabu@nbcols=\count272
\tabu@cnt=\count273
\tabu@Xcol=\count274
\tabu@alloc=\count275
\tabu@nested=\count276
\tabu@target=\dimen146
\tabu@spreadtarget=\dimen147
\tabu@naturalX=\dimen148
\tabucolX=\dimen149
\tabu@Xsum=\dimen150
\extrarowdepth=\dimen151
\abovetabulinesep=\dimen152
\belowtabulinesep=\dimen153
\tabustrutrule=\dimen154
\tabu@thebody=\toks23
\tabu@footnotes=\toks24
\tabu@box=\box57
\tabu@arstrutbox=\box58
\tabu@hleads=\box59
\tabu@vleads=\box60
\tabu@cellskip=\skip59
)
(/usr/share/texlive/texmf-dist/tex/latex/fancyvrb/fancyvrb.sty
Package: fancyvrb 2021/12/21 4.1b verbatim text (tvz,hv)

(/usr/share/texlive/texmf-dist/tex/latex/graphics/keyval.sty
Package: keyval 2014/10/28 v1.15 key=value parser (DPC)
\KV@toks@=\toks25
)
\FV@CodeLineNo=\count277
\FV@InFile=\read3
\FV@TabBox=\box61
\c@FancyVerbLine=\count278
\FV@StepNumber=\count279
\FV@OutFile=\write3
)
(/usr/share/texlive/texmf-dist/tex/latex/tools/tabularx.sty
Package: tabularx 2020/01/15 v2.11c `tabularx' package (DPC)
\TX@col@width=\dimen155
\TX@old@table=\dimen156
\TX@old@col=\dimen157
\TX@target=\dimen158
\TX@delta=\dimen159
\TX@cols=\count280
\TX@ftn=\toks26
)
(/usr/share/texlive/texmf-dist/tex/latex/tools/multicol.sty
Package: multicol 2021/10/28 v1.9b multicolumn formatting (FMi)
\c@tracingmulticols=\count281
\mult@box=\box62
\multicol@leftmargin=\dimen160
\c@unbalance=\count282
\c@collectmore=\count283
\doublecol@number=\count284
\multicoltolerance=\count285
\multicolpretolerance=\count286
\full@width=\dimen161
\page@free=\dimen162
\premulticols=\dimen163
\postmulticols=\dimen164
\multicolsep=\skip60
\multicolbaselineskip=\skip61
\partial@page=\box63
\last@line=\box64
\maxbalancingoverflow=\dimen165
\mult@rightbox=\box65
\mult@grightbox=\box66
\mult@firstbox=\box67
\mult@gfirstbox=\box68
\@tempa=\box69
\@tempa=\box70
\@tempa=\box71
\@tempa=\box72
\@tempa=\box73
\@tempa=\box74
\@tempa=\box75
\@tempa=\box76
\@tempa=\box77
\@tempa=\box78
\@tempa=\box79
\@tempa=\box80
\@tempa=\box81
\@tempa=\box82
\@tempa=\box83
\@tempa=\box84
\@tempa=\box85
\@tempa=\box86
\@tempa=\box87
\@tempa=\box88
\@tempa=\box89
\@tempa=\box90
\@tempa=\box91
\@tempa=\box92
\@tempa=\box93
\@tempa=\box94
\@tempa=\box95
\@tempa=\box96
\@tempa=\box97
\@tempa=\box98
\@tempa=\box99
\@tempa=\box100
\@tempa=\box101
\@tempa=\box102
\@tempa=\box103
\@tempa=\box104
\c@minrows=\count287
\c@columnbadness=\count288
\c@finalcolumnbadness=\count289
\last@try=\dimen166
\multicolovershoot=\dimen167
\multicolundershoot=\dimen168
\mult@nat@firstbox=\box105
\colbreak@box=\box106
\mc@col@check@num=\count290
)
(/usr/share/texlive/texmf-dist/tex/latex/multirow/multirow.sty
Package: multirow 2021/03/15 v2.8 Span multiple rows of a table
\multirow@colwidth=\skip62
\multirow@cntb=\count291
\multirow@dima=\skip63
\bigstrutjot=\dimen169
)
(/usr/share/texlive/texmf-dist/tex/latex/hanging/hanging.sty
Package: hanging 2009/09/02 v1.2b hanging paragraphs and punctuation
\h@ngcommawd=\skip64
\h@ngfstopwd=\skip65
\h@ngquotewd=\skip66
\h@ngdquotewd=\skip67
\h@ngquerywd=\skip68
\h@ngexclwd=\skip69
\h@ngcolonwd=\skip70
\h@ngscolonwd=\skip71
)
(/usr/share/texlive/texmf-dist/tex/generic/iftex/ifpdf.sty
Package: ifpdf 2019/10/25 v3.4 ifpdf legacy package. Use iftex instead.

(/usr/share/texlive/texmf-dist/tex/generic/iftex/iftex.sty
Package: iftex 2020/03/06 v1.0d TeX engine tests
))
(/usr/share/texlive/texmf-dist/tex/latex/adjustbox/adjustbox.sty
Package: adjustbox 2020/08/19 v1.3 Adjusting TeX boxes (trim, clip, ...)

(/usr/share/texlive/texmf-dist/tex/latex/xkeyval/xkeyval.sty
Package: xkeyval 2020/11/20 v2.8 package option processing (HA)

(/usr/share/texlive/texmf-dist/tex/generic/xkeyval/xkeyval.tex
(/usr/share/texlive/texmf-dist/tex/generic/xkeyval/xkvutils.tex
\XKV@toks=\toks27
\XKV@tempa@toks=\toks28
)
\XKV@depth=\count292
File: xkeyval.tex 2014/12/03 v2.7a key=value parser (HA)
))
(/usr/share/texlive/texmf-dist/tex/latex/adjustbox/adjcalc.sty
Package: adjcalc 2012/05/16 v1.1 Provides advanced setlength with multiple back
-ends (calc, etex, pgfmath)
)
(/usr/share/texlive/texmf-dist/tex/latex/adjustbox/trimclip.sty
Package: trimclip 2020/08/19 v1.2 Trim and clip general TeX material

(/usr/share/texlive/texmf-dist/tex/latex/graphics/graphicx.sty
Package: graphicx 2021/09/16 v1.2d Enhanced LaTeX Graphics (DPC,SPQR)

(/usr/share/texlive/texmf-dist/tex/latex/graphics/graphics.sty
Package: graphics 2021/03/04 v1.4d Standard LaTeX Graphics (DPC,SPQR)

(/usr/share/texlive/texmf-dist/tex/latex/graphics/trig.sty
Package: trig 2021/08/11 v1.11 sin cos tan (DPC)
)
(/usr/share/texlive/texmf-dist/tex/latex/graphics-cfg/graphics.cfg
File: graphics.cfg 2016/06/04 v1.11 sample graphics configuration
)
Package graphics Info: Driver file: pdftex.def on input line 107.
)
\Gin@req@height=\dimen170
\Gin@req@width=\dimen171
)
(/usr/share/texlive/texmf-dist/tex/latex/collectbox/collectbox.sty
Package: collectbox 2012/05/17 v0.4b Collect macro arguments as boxes
\collectedbox=\box107
)
\tc@llx=\dimen172
\tc@lly=\dimen173
\tc@urx=\dimen174
\tc@ury=\dimen175
Package trimclip Info: Using driver 'tc-pdftex.def'.

(/usr/share/texlive/texmf-dist/tex/latex/adjustbox/tc-pdftex.def
File: tc-pdftex.def 2019/01/04 v2.2 Clipping driver for pdftex
))
\adjbox@Width=\dimen176
\adjbox@Height=\dimen177
\adjbox@Depth=\dimen178
\adjbox@Totalheight=\dimen179
\adjbox@pwidth=\dimen180
\adjbox@pheight=\dimen181
\adjbox@pdepth=\dimen182
\adjbox@ptotalheight=\dimen183

(/usr/share/texlive/texmf-dist/tex/latex/ifoddpage/ifoddpage.sty
Package: ifoddpage 2016/04/23 v1.1 Conditionals for odd/even page detection
\c@checkoddpage=\count293
))
(/usr/share/texlive/texmf-dist/tex/latex/amsfonts/amssymb.sty
Package: amssymb 2013/01/14 v3.01 AMS font symbols

(/usr/share/texlive/texmf-dist/tex/latex/amsfonts/amsfonts.sty
Package: amsfonts 2013/01/14 v3.01 Basic AMSFonts support
\@emptytoks=\toks29
\symAMSa=\mathgroup4
\symAMSb=\mathgroup5
LaTeX Font Info:    Redeclaring math symbol \hbar on input line 98.
LaTeX Font Info:    Overwriting math alphabet `\mathfrak' in version `bold'
(Font)                  U/euf/m/n --> U/euf/b/n on input line 106.
))
(/usr/share/texlive/texmf-dist/tex/latex/stackengine/stackengine.sty
Package: stackengine 2021/07/22 v4.11\ Stacking text and objects in convenient 
ways

(/usr/share/texlive/texmf-dist/tex/latex/etoolbox/etoolbox.sty
Package: etoolbox 2020/10/05 v2.5k e-TeX tools for LaTeX (JAW)
\etb@tempcnta=\count294
)
(/usr/share/texlive/texmf-dist/tex/generic/listofitems/listofitems.sty
(/usr/share/texlive/texmf-dist/tex/generic/listofitems/listofitems.tex
\loi_cnt_foreach_nest=\count295
\loi_nestcnt=\count296
)
Package: listofitems 2019/08/21 v1.63 Grab items in lists using user-specified 
sep char (CT)
)
\c@@stackindex=\count297
\@boxshift=\skip72
\stack@tmplength=\skip73
\temp@stkl=\skip74
\@stackedboxwidth=\skip75
\@addedbox=\box108
\@anchorbox=\box109
\@insetbox=\box110
\se@backgroundbox=\box111
\stackedbox=\box112
\@centerbox=\box113
\c@ROWcellindex@=\count298
)
(/usr/share/texlive/texmf-dist/tex/generic/ulem/ulem.sty
\UL@box=\box114
\UL@hyphenbox=\box115
\UL@skip=\skip76
\UL@hook=\toks30
\UL@height=\dimen184
\UL@pe=\count299
\UL@pixel=\dimen185
\ULC@box=\box116
Package: ulem 2019/11/18
\ULdepth=\dimen186
)
\xrefbox=\box117
\xreflength=\skip77
\CodeWidthChar=\skip78
\CodeHeightChar=\skip79
\DoxyCodeWidth=\skip80
)
(/usr/share/texlive/texmf-dist/tex/latex/base/inputenc.sty
Package: inputenc 2021/02/14 v1.3d Input encoding file
\inpenc@prehook=\toks31
\inpenc@posthook=\toks32
)
(/usr/share/texlive/texmf-dist/tex/latex/base/makeidx.sty
Package: makeidx 2021/10/04 v1.0m Standard LaTeX package
)
(/usr/share/texlive/texmf-dist/tex/latex/base/textcomp.sty
Package: textcomp 2020/02/02 v2.0n Standard LaTeX package
)
(/usr/share/texlive/texmf-dist/tex/latex/wasysym/wasysym.sty
Package: wasysym 2020/01/19 v2.4 Wasy-2 symbol support package
\symwasy=\mathgroup6
LaTeX Font Info:    Overwriting symbol font `wasy' in version `bold'
(Font)                  U/wasy/m/n --> U/wasy/b/n on input line 93.
)
(/usr/share/texlive/texmf-dist/tex/generic/iftex/ifxetex.sty
Package: ifxetex 2019/10/25 v0.7 ifxetex legacy package. Use iftex instead.
)
(/usr/share/texlive/texmf-dist/tex/latex/base/fontenc.sty
Package: fontenc 2021/04/29 v2.0v Standard LaTeX package
)
(/usr/share/texlive/texmf-dist/tex/latex/psnfss/helvet.sty
Package: helvet 2020/03/25 PSNFSS-v9.3 (WaS) 
)
(/usr/share/texlive/texmf-dist/tex/latex/psnfss/courier.sty
Package: courier 2020/03/25 PSNFSS-v9.3 (WaS) 
)
(/usr/share/texlive/texmf-dist/tex/latex/sectsty/sectsty.sty
Package: sectsty 2002/02/25 v2.0.2 Commands to change all sectional heading sty
les


LaTeX Warning: Command \underbar  has changed.
               Check if current package is valid.


LaTeX Warning: Command \underline  has changed.
               Check if current package is valid.

) (/usr/share/texlive/texmf-dist/tex/latex/geometry/geometry.sty
Package: geometry 2020/01/02 v5.9 Page Geometry

(/usr/share/texlive/texmf-dist/tex/generic/iftex/ifvtex.sty
Package: ifvtex 2019/10/25 v1.7 ifvtex legacy package. Use iftex instead.
)
\Gm@cnth=\count300
\Gm@cntv=\count301
\c@Gm@tempcnt=\count302
\Gm@bindingoffset=\dimen187
\Gm@wd@mp=\dimen188
\Gm@odd@mp=\dimen189
\Gm@even@mp=\dimen190
\Gm@layoutwidth=\dimen191
\Gm@layoutheight=\dimen192
\Gm@layouthoffset=\dimen193
\Gm@layoutvoffset=\dimen194
\Gm@dimlist=\toks33
)
(/usr/share/texlive/texmf-dist/tex/latex/fancyhdr/fancyhdr.sty
Package: fancyhdr 2021/01/28 v4.0.1 Extensive control of page headers and foote
rs
\f@nch@headwidth=\skip81
\f@nch@O@elh=\skip82
\f@nch@O@erh=\skip83
\f@nch@O@olh=\skip84
\f@nch@O@orh=\skip85
\f@nch@O@elf=\skip86
\f@nch@O@erf=\skip87
\f@nch@O@olf=\skip88
\f@nch@O@orf=\skip89
)
(/usr/share/texlive/texmf-dist/tex/latex/natbib/natbib.sty
Package: natbib 2010/09/13 8.31b (PWD, AO)
\bibhang=\skip90
\bibsep=\skip91
LaTeX Info: Redefining \cite on input line 694.
\c@NAT@ctr=\count303
)
(/usr/share/texlive/texmf-dist/tex/latex/tocloft/tocloft.sty
Package: tocloft 2017/08/31 v2.3i parameterised ToC, etc., typesetting
Package tocloft Info: The document has chapter divisions on input line 51.
\cftparskip=\skip92
\cftbeforetoctitleskip=\skip93
\cftaftertoctitleskip=\skip94
\cftbeforepartskip=\skip95
\cftpartnumwidth=\skip96
\cftpartindent=\skip97
\cftbeforechapskip=\skip98
\cftchapindent=\skip99
\cftchapnumwidth=\skip100
\cftbeforesecskip=\skip101
\cftsecindent=\skip102
\cftsecnumwidth=\skip103
\cftbeforesubsecskip=\skip104
\cftsubsecindent=\skip105
\cftsubsecnumwidth=\skip106
\cftbeforesubsubsecskip=\skip107
\cftsubsubsecindent=\skip108
\cftsubsubsecnumwidth=\skip109
\cftbeforeparaskip=\skip110
\cftparaindent=\skip111
\cftparanumwidth=\skip112
\cftbeforesubparaskip=\skip113
\cftsubparaindent=\skip114
\cftsubparanumwidth=\skip115
\cftbeforeloftitleskip=\skip116
\cftafterloftitleskip=\skip117
\cftbeforefigskip=\skip118
\cftfigindent=\skip119
\cftfignumwidth=\skip120
\c@lofdepth=\count304
\c@lotdepth=\count305
\cftbeforelottitleskip=\skip121
\cftafterlottitleskip=\skip122
\cftbeforetabskip=\skip123
\cfttabindent=\skip124
\cfttabnumwidth=\skip125
)
\@indexfile=\write4
\openout4 = `refman.idx'.


Writing index file refman.idx
(/usr/share/texlive/texmf-dist/tex/latex/newunicodechar/newunicodechar.sty
Package: newunicodechar 2018/04/08 v1.2 Defining Unicode characters
)

Package newunicodechar Warning: Redefining Unicode character on input line 115.



Package newunicodechar Warning: Redefining Unicode character on input line 116.


(/usr/share/texlive/texmf-dist/tex/latex/hyperref/hyperref.sty
Package: hyperref 2021-06-07 v7.00m Hypertext links for LaTeX

(/usr/share/texlive/texmf-dist/tex/generic/ltxcmds/ltxcmds.sty
Package: ltxcmds 2020-05-10 v1.25 LaTeX kernel commands for general use (HO)
)
(/usr/share/texlive/texmf-dist/tex/generic/pdftexcmds/pdftexcmds.sty
Package: pdftexcmds 2020-06-27 v0.33 Utility functions of pdfTeX for LuaTeX (HO
)

(/usr/share/texlive/texmf-dist/tex/generic/infwarerr/infwarerr.sty
Package: infwarerr 2019/12/03 v1.5 Providing info/warning/error messages (HO)
)
Package pdftexcmds Info: \pdf@primitive is available.
Package pdftexcmds Info: \pdf@ifprimitive is available.
Package pdftexcmds Info: \pdfdraftmode found.
)
(/usr/share/texlive/texmf-dist/tex/generic/kvsetkeys/kvsetkeys.sty
Package: kvsetkeys 2019/12/15 v1.18 Key value parser (HO)
)
(/usr/share/texlive/texmf-dist/tex/generic/kvdefinekeys/kvdefinekeys.sty
Package: kvdefinekeys 2019-12-19 v1.6 Define keys (HO)
)
(/usr/share/texlive/texmf-dist/tex/generic/pdfescape/pdfescape.sty
Package: pdfescape 2019/12/09 v1.15 Implements pdfTeX's escape features (HO)
)
(/usr/share/texlive/texmf-dist/tex/latex/hycolor/hycolor.sty
Package: hycolor 2020-01-27 v1.10 Color options for hyperref/bookmark (HO)
)
(/usr/share/texlive/texmf-dist/tex/latex/letltxmacro/letltxmacro.sty
Package: letltxmacro 2019/12/03 v1.6 Let assignment for LaTeX macros (HO)
)
(/usr/share/texlive/texmf-dist/tex/latex/auxhook/auxhook.sty
Package: auxhook 2019-12-17 v1.6 Hooks for auxiliary files (HO)
)
(/usr/share/texlive/texmf-dist/tex/latex/kvoptions/kvoptions.sty
Package: kvoptions 2020-10-07 v3.14 Key value format for package options (HO)
)
\@linkdim=\dimen195
\Hy@linkcounter=\count306
\Hy@pagecounter=\count307

(/usr/share/texlive/texmf-dist/tex/latex/hyperref/pd1enc.def
File: pd1enc.def 2021-06-07 v7.00m Hyperref: PDFDocEncoding definition (HO)
Now handling font encoding PD1 ...
... no UTF-8 mapping file for font encoding PD1
)
(/usr/share/texlive/texmf-dist/tex/latex/hyperref/hyperref-langpatches.def
File: hyperref-langpatches.def 2021-06-07 v7.00m Hyperref: patches for babel la
nguages
)
(/usr/share/texlive/texmf-dist/tex/generic/intcalc/intcalc.sty
Package: intcalc 2019/12/15 v1.3 Expandable calculations with integers (HO)
)
(/usr/share/texlive/texmf-dist/tex/generic/etexcmds/etexcmds.sty
Package: etexcmds 2019/12/15 v1.7 Avoid name clashes with e-TeX commands (HO)
)
\Hy@SavedSpaceFactor=\count308

(/usr/share/texlive/texmf-dist/tex/latex/hyperref/puenc.def
File: puenc.def 2021-06-07 v7.00m Hyperref: PDF Unicode definition (HO)
Now handling font encoding PU ...
... no UTF-8 mapping file for font encoding PU
)
Package hyperref Info: Hyper figures OFF on input line 4192.
Package hyperref Info: Link nesting OFF on input line 4197.
Package hyperref Info: Hyper index ON on input line 4200.
Package hyperref Info: Plain pages OFF on input line 4207.
Package hyperref Info: Backreferencing ON on input line 4210.
Package hyperref Info: Implicit mode ON; LaTeX internals redefined.
Package hyperref Info: Bookmarks ON on input line 4445.

(/usr/share/texlive/texmf-dist/tex/latex/hyperref/backref.sty
Package: backref 2021/02/04 v1.41 Bibliographical back referencing

(/usr/share/texlive/texmf-dist/tex/latex/rerunfilecheck/rerunfilecheck.sty
Package: rerunfilecheck 2019/12/05 v1.9 Rerun checks for auxiliary files (HO)

(/usr/share/texlive/texmf-dist/tex/latex/base/atveryend-ltx.sty
Package: atveryend-ltx 2020/08/19 v1.0a Emulation of the original atveryend pac
kage
with kernel methods
)
(/usr/share/texlive/texmf-dist/tex/generic/uniquecounter/uniquecounter.sty
Package: uniquecounter 2019/12/15 v1.4 Provide unlimited unique counter (HO)

(/usr/share/texlive/texmf-dist/tex/generic/bigintcalc/bigintcalc.sty
Package: bigintcalc 2019/12/15 v1.5 Expandable calculations on big integers (HO
)
))
Package uniquecounter Info: New unique counter `rerunfilecheck' on input line 2
86.
))
\c@Hy@tempcnt=\count309

(/usr/share/texlive/texmf-dist/tex/latex/url/url.sty
\Urlmuskip=\muskip16
Package: url 2013/09/16  ver 3.4  Verb mode for urls, etc.
)
LaTeX Info: Redefining \url on input line 4804.
\XeTeXLinkMargin=\dimen196

(/usr/share/texlive/texmf-dist/tex/generic/bitset/bitset.sty
Package: bitset 2019/12/09 v1.3 Handle bit-vector datatype (HO)
)
\Fld@menulength=\count310
\Field@Width=\dimen197
\Fld@charsize=\dimen198
Package hyperref Info: Hyper figures OFF on input line 6076.
Package hyperref Info: Link nesting OFF on input line 6081.
Package hyperref Info: Hyper index ON on input line 6084.
Package hyperref Info: backreferencing ON on input line 6089.
Package hyperref Info: Link coloring OFF on input line 6096.
Package hyperref Info: Link coloring with OCG OFF on input line 6101.
Package hyperref Info: PDF/A mode OFF on input line 6106.
LaTeX Info: Redefining \ref on input line 6146.
LaTeX Info: Redefining \pageref on input line 6150.

(/usr/share/texlive/texmf-dist/tex/latex/base/atbegshi-ltx.sty
Package: atbegshi-ltx 2021/01/10 v1.0c Emulation of the original atbegshi
package with kernel methods
)
\Hy@abspage=\count311
\c@Item=\count312
\c@Hfootnote=\count313


LaTeX Warning: Command \LT@p@ftntext  has changed.
               Check if current package is valid.

)
Package hyperref Info: Driver: hpdftex.
 (/usr/share/texlive/texmf-dist/tex/latex/hyperref/hpdftex.def
File: hpdftex.def 2021-06-07 v7.00m Hyperref driver for pdfTeX
\Fld@listcount=\count314
\c@bookmark@seq@number=\count315
\Hy@SectionHShift=\skip126
)
Package hyperref Info: Option `colorlinks' set `true' on input line 134.
Package hyperref Info: Option `unicode' set `true' on input line 134.

(/usr/share/texlive/texmf-dist/tex/latex/caption/caption.sty
Package: caption 2020/10/26 v3.5g Customizing captions (AR)

(/usr/share/texlive/texmf-dist/tex/latex/caption/caption3.sty
Package: caption3 2020/10/21 v2.2e caption3 kernel (AR)
\captionmargin=\dimen199
\captionmargin@=\dimen256
\captionwidth=\dimen257
\caption@tempdima=\dimen258
\caption@indent=\dimen259
\caption@parindent=\dimen260
\caption@hangindent=\dimen261
Package caption Info: Standard document class detected.
)
\c@caption@flags=\count316
\c@continuedfloat=\count317
Package caption Info: float package is loaded.
Package caption Info: hyperref package is loaded.
Package caption Info: longtable package is loaded.

(/usr/share/texlive/texmf-dist/tex/latex/caption/ltcaption.sty
Package: ltcaption 2020/05/30 v1.4b longtable captions (AR)
))
(/usr/share/texlive/texmf-dist/tex/latex/etoc/etoc.sty
Package: etoc 2021/09/23 v1.09e Completely customisable TOCs (JFB)
\Etoc@toctoks=\toks34
\c@etoc@tocid=\count318
\c@etoc@tocdepth=\count319
\etoc@framed@titlebox=\box118
\etoc@framed@contentsbox=\box119
)
LaTeX Font Info:    Trying to load font information for T1+phv on input line 14
9.

(/usr/share/texlive/texmf-dist/tex/latex/psnfss/t1phv.fd
File: t1phv.fd 2020/03/25 scalable font definitions for T1/phv.
)
LaTeX Font Info:    Font shape `T1/phv/m/n' will be
(Font)              scaled to size 8.99994pt on input line 149.

(/usr/share/texlive/texmf-dist/tex/latex/l3backend/l3backend-pdftex.def
File: l3backend-pdftex.def 2022-01-12 L3 backend support: PDF output (pdfTeX)
\l__color_backend_stack_int=\count320
\l__pdf_internal_box=\box120
)
No file refman.aux.
\openout1 = `refman.aux'.

LaTeX Font Info:    Checking defaults for OML/cmm/m/it on input line 149.
LaTeX Font Info:    ... okay on input line 149.
LaTeX Font Info:    Checking defaults for OMS/cmsy/m/n on input line 149.
LaTeX Font Info:    ... okay on input line 149.
LaTeX Font Info:    Checking defaults for OT1/cmr/m/n on input line 149.
LaTeX Font Info:    ... okay on input line 149.
LaTeX Font Info:    Checking defaults for T1/cmr/m/n on input line 149.
LaTeX Font Info:    ... okay on input line 149.
LaTeX Font Info:    Checking defaults for TS1/cmr/m/n on input line 149.
LaTeX Font Info:    ... okay on input line 149.
LaTeX Font Info:    Checking defaults for OMX/cmex/m/n on input line 149.
LaTeX Font Info:    ... okay on input line 149.
LaTeX Font Info:    Checking defaults for U/cmr/m/n on input line 149.
LaTeX Font Info:    ... okay on input line 149.
LaTeX Font Info:    Checking defaults for PD1/pdf/m/n on input line 149.
LaTeX Font Info:    ... okay on input line 149.
LaTeX Font Info:    Checking defaults for PU/pdf/m/n on input line 149.
LaTeX Font Info:    ... okay on input line 149.
(/usr/share/texlive/texmf-dist/tex/context/base/mkii/supp-pdf.mkii
[Loading MPS to PDF converter (version 2006.09.02).]
\scratchcounter=\count321
\scratchdimen=\dimen262
\scratchbox=\box121
\nofMPsegments=\count322
\nofMParguments=\count323
\everyMPshowfont=\toks35
\MPscratchCnt=\count324
\MPscratchDim=\dimen263
\MPnumerator=\count325
\makeMPintoPDFobject=\count326
\everyMPtoPDFconversion=\toks36
) (/usr/share/texlive/texmf-dist/tex/latex/epstopdf-pkg/epstopdf-base.sty
Package: epstopdf-base 2020-01-24 v2.11 Base part for package epstopdf
Package epstopdf-base Info: Redefining graphics rule for `.eps' on input line 4
85.

(/usr/share/texlive/texmf-dist/tex/latex/latexconfig/epstopdf-sys.cfg
File: epstopdf-sys.cfg 2010/07/13 v1.3 Configuration of (r)epstopdf for TeX Liv
e
))
*geometry* driver: auto-detecting
*geometry* detected driver: pdftex
*geometry* verbose mode - [ preamble ] result:
* driver: pdftex
* paper: a4paper
* layout: <same size as paper>
* layoutoffset:(h,v)=(0.0pt,0.0pt)
* modes: twoside 
* h-part:(L,W,R)=(71.13188pt, 455.24411pt, 71.13188pt)
* v-part:(T,H,B)=(71.13188pt, 702.78308pt, 71.13188pt)
* \paperwidth=597.50787pt
* \paperheight=845.04684pt
* \textwidth=455.24411pt
* \textheight=702.78308pt
* \oddsidemargin=-1.1381pt
* \evensidemargin=-1.1381pt
* \topmargin=-31.2056pt
* \headheight=12.0pt
* \headsep=18.06749pt
* \topskip=10.0pt
* \footskip=25.29494pt
* \marginparwidth=125.0pt
* \marginparsep=7.0pt
* \columnsep=10.0pt
* \skip\footins=9.0pt plus 4.0pt minus 2.0pt
* \hoffset=0.0pt
* \voffset=0.0pt
* \mag=1000
* \@twocolumnfalse
* \@twosidetrue
* \@mparswitchtrue
* \@reversemarginfalse
* (1in=72.27pt=25.4mm, 1cm=28.453pt)

Package hyperref Info: Link coloring ON on input line 149.
(/usr/share/texlive/texmf-dist/tex/latex/hyperref/nameref.sty
Package: nameref 2021-04-02 v2.47 Cross-referencing by name of section

(/usr/share/texlive/texmf-dist/tex/latex/refcount/refcount.sty
Package: refcount 2019/12/15 v3.6 Data extraction from label references (HO)
)
(/usr/share/texlive/texmf-dist/tex/generic/gettitlestring/gettitlestring.sty
Package: gettitlestring 2019/12/15 v1.6 Cleanup title references (HO)
)
\c@section@level=\count327
)
LaTeX Info: Redefining \ref on input line 149.
LaTeX Info: Redefining \pageref on input line 149.
LaTeX Info: Redefining \nameref on input line 149.
\@outlinefile=\write5
\openout5 = `refman.out'.

Package backref Info: ** backref set up for natbib ** on input line 149.
Package caption Info: Begin \AtBeginDocument code.
Package caption Info: End \AtBeginDocument code.

No file refman.toc.
Package hyperref Info: Option `pageanchor' set `false' on input line 156.
Package hyperref Info: Option `bookmarksnumbered' set `true' on input line 156.

Package hyperref Info: Option `unicode' set `true' on input line 156.
LaTeX Font Info:    Font shape `T1/phv/m/n' will be
(Font)              scaled to size 12.9599pt on input line 161.
LaTeX Font Info:    Font shape `T1/phv/m/n' will be
(Font)              scaled to size 10.79993pt on input line 163.
[1


{/var/lib/texmf/fonts/map/pdftex/updmap/pdftex.map}] [2

]
\tf@toc=\write6
\openout6 = `refman.toc'.

Package hyperref Info: Option `pageanchor' set `true' on input line 171.

Chapter 1.
LaTeX Font Info:    Font shape `T1/phv/m/n' will be
(Font)              scaled to size 18.66588pt on input line 174.
LaTeX Font Info:    Font shape `T1/phv/b/n' will be
(Font)              scaled to size 18.66588pt on input line 174.
LaTeX Font Info:    Font shape `T1/phv/bc/n' will be
(Font)              scaled to size 18.66588pt on input line 174.
LaTeX Font Info:    Font shape `T1/phv/m/n' will be
(Font)              scaled to size 22.39185pt on input line 174.
LaTeX Font Info:    Font shape `T1/phv/b/n' will be
(Font)              scaled to size 22.39185pt on input line 174.
LaTeX Font Info:    Font shape `T1/phv/bc/n' will be
(Font)              scaled to size 22.39185pt on input line 174.
(./hierarchy.tex
LaTeX Font Info:    Font shape `T1/phv/b/n' will be
(Font)              scaled to size 12.9599pt on input line 1.
LaTeX Font Info:    Font shape `T1/phv/m/n' will be
(Font)              scaled to size 6.29996pt on input line 2.
LaTeX Font Info:    Trying to load font information for U+msa on input line 2.
 (/usr/share/texlive/texmf-dist/tex/latex/amsfonts/umsa.fd
File: umsa.fd 2013/01/14 v3.01 AMS symbols A
)
LaTeX Font Info:    Trying to load font information for U+msb on input line 2.

(/usr/share/texlive/texmf-dist/tex/latex/amsfonts/umsb.fd
File: umsb.fd 2013/01/14 v3.01 AMS symbols B
)
LaTeX Font Info:    Trying to load font information for U+wasy on input line 2.


(/usr/share/texlive/texmf-dist/tex/latex/wasysym/uwasy.fd
File: uwasy.fd 2020/01/19 v2.4 Wasy-2 symbol font definitions
)
LaTeX Font Info:    Font shape `T1/phv/b/n' will be
(Font)              scaled to size 8.99994pt on input line 3.


LaTeX Warning: Reference `classApplication' on page 1 undefined on input line 3
.


LaTeX Warning: Reference `structDate' on page 1 undefined on input line 4.


LaTeX Warning: Reference `classGTFSObject' on page 1 undefined on input line 5.



LaTeX Warning: Reference `classAgency' on page 1 undefined on input line 7.


LaTeX Warning: Reference `classCalendar' on page 1 undefined on input line 8.


LaTeX Warning: Reference `classRoute' on page 1 undefined on input line 9.


LaTeX Warning: Reference `classStop' on page 1 undefined on input line 10.


LaTeX Warning: Reference `classStopTime' on page 1 undefined on input line 11.


LaTeX Warning: Reference `classTrip' on page 1 undefined on input line 12.


LaTeX Warning: Reference `structJourney' on page 1 undefined on input line 14.


LaTeX Warning: Reference `structJourneyStep' on page 1 undefined on input line 
15.


LaTeX Warning: Reference `structnested__pair__hash' on page 1 undefined on inpu
t line 16.


LaTeX Warning: Reference `structpair__hash' on page 1 undefined on input line 1
7.


LaTeX Warning: Reference `classParser' on page 1 undefined on input line 18.


LaTeX Warning: Reference `structQuery' on page 1 undefined on input line 19.


LaTeX Warning: Reference `classRaptor' on page 1 undefined on input line 20.


LaTeX Warning: Reference `structStopInfo' on page 1 undefined on input line 21.



LaTeX Warning: Reference `classRaptorTests' on page 1 undefined on input line 2
3.


LaTeX Warning: Reference `structTime' on page 1 undefined on input line 25.


LaTeX Warning: Reference `classUtils' on page 1 undefined on input line 26.

)
LaTeX Font Info:    Font shape `T1/phv/b/n' will be
(Font)              scaled to size 6.29996pt on input line 176.
 [1


] [2

]
Chapter 2.
(./annotated.tex

LaTeX Warning: Reference `classAgency' on page 3 undefined on input line 3.


LaTeX Warning: Reference `classApplication' on page 3 undefined on input line 4
.


LaTeX Warning: Reference `classCalendar' on page 3 undefined on input line 5.


LaTeX Warning: Reference `structDate' on page 3 undefined on input line 6.


LaTeX Warning: Reference `classGTFSObject' on page 3 undefined on input line 7.



LaTeX Warning: Reference `structJourney' on page 3 undefined on input line 8.


LaTeX Warning: Reference `structJourneyStep' on page 3 undefined on input line 
9.


LaTeX Warning: Reference `structnested__pair__hash' on page 3 undefined on inpu
t line 10.


LaTeX Warning: Reference `structpair__hash' on page 3 undefined on input line 1
1.


LaTeX Warning: Reference `classParser' on page 3 undefined on input line 12.


LaTeX Warning: Reference `structQuery' on page 3 undefined on input line 13.


LaTeX Warning: Reference `classRaptor' on page 3 undefined on input line 14.


LaTeX Warning: Reference `classRaptorTests' on page 3 undefined on input line 1
5.


LaTeX Warning: Reference `classRoute' on page 3 undefined on input line 16.


LaTeX Warning: Reference `classStop' on page 3 undefined on input line 17.


LaTeX Warning: Reference `structStopInfo' on page 3 undefined on input line 18.



LaTeX Warning: Reference `classStopTime' on page 3 undefined on input line 19.


LaTeX Warning: Reference `structTime' on page 3 undefined on input line 20.


LaTeX Warning: Reference `classTrip' on page 3 undefined on input line 21.


LaTeX Warning: Reference `classUtils' on page 3 undefined on input line 22.

[3]) [4]
Chapter 3.
(./files.tex

LaTeX Warning: Reference `Application_8cpp' on page 5 undefined on input line 3
.


LaTeX Warning: Reference `Application_8h' on page 5 undefined on input line 4.


LaTeX Warning: Reference `DateTime_8h' on page 5 undefined on input line 5.


LaTeX Warning: Reference `main_8cpp' on page 5 undefined on input line 6.


LaTeX Warning: Reference `Parser_8cpp' on page 5 undefined on input line 7.


LaTeX Warning: Reference `Parser_8h' on page 5 undefined on input line 8.


LaTeX Warning: Reference `Raptor_8cpp' on page 5 undefined on input line 9.


LaTeX Warning: Reference `Raptor_8h' on page 5 undefined on input line 10.


LaTeX Warning: Reference `Utils_8cpp' on page 5 undefined on input line 11.


LaTeX Warning: Reference `Utils_8h' on page 5 undefined on input line 12.


LaTeX Warning: Reference `DataStructures_8h' on page 5 undefined on input line 
13.


LaTeX Warning: Reference `Agency_8cpp' on page 5 undefined on input line 14.


LaTeX Warning: Reference `Agency_8h' on page 5 undefined on input line 15.


LaTeX Warning: Reference `Calendar_8cpp' on page 5 undefined on input line 16.


LaTeX Warning: Reference `Calendar_8h' on page 5 undefined on input line 17.


LaTeX Warning: Reference `GTFSObject_8cpp' on page 5 undefined on input line 18
.


LaTeX Warning: Reference `GTFSObject_8h' on page 5 undefined on input line 19.


LaTeX Warning: Reference `Route_8cpp' on page 5 undefined on input line 20.


LaTeX Warning: Reference `Route_8h' on page 5 undefined on input line 21.

[5

]

LaTeX Warning: Reference `Stop_8cpp' on page 6 undefined on input line 22.


LaTeX Warning: Reference `Stop_8h' on page 6 undefined on input line 23.


LaTeX Warning: Reference `StopTime_8cpp' on page 6 undefined on input line 24.


LaTeX Warning: Reference `StopTime_8h' on page 6 undefined on input line 25.


LaTeX Warning: Reference `Trip_8cpp' on page 6 undefined on input line 26.


LaTeX Warning: Reference `Trip_8h' on page 6 undefined on input line 27.

) [6]
Chapter 4.
(./classAgency.tex
LaTeX Font Info:    Trying to load font information for T1+pcr on input line 10
.
 (/usr/share/texlive/texmf-dist/tex/latex/psnfss/t1pcr.fd
File: t1pcr.fd 2001/06/04 font definitions for T1/pcr.
) <./classAgency__inherit__graph.pdf

pdfTeX warning: pdflatex (file ./classAgency__inherit__graph.pdf): PDF inclusio
n: multiple pdfs with page group included in a single page
>
<classAgency__inherit__graph.pdf, id=156, 153.57375pt x 156.585pt>
File: classAgency__inherit__graph.pdf Graphic file (type pdf)
<use classAgency__inherit__graph.pdf>
Package pdftex.def Info: classAgency__inherit__graph.pdf  used on input line 19
.
(pdftex.def)             Requested size: 153.0pt x 156.00879pt.
 <./classAgency__coll__graph.pdf

pdfTeX warning: pdflatex (file ./classAgency__coll__graph.pdf): PDF inclusion: 
multiple pdfs with page group included in a single page
>
<classAgency__coll__graph.pdf, id=165, 153.57375pt x 156.585pt>
File: classAgency__coll__graph.pdf Graphic file (type pdf)
<use classAgency__coll__graph.pdf>
Package pdftex.def Info: classAgency__coll__graph.pdf  used on input line 29.
(pdftex.def)             Requested size: 153.0pt x 156.00879pt.
LaTeX Font Info:    Font shape `T1/phv/b/n' will be
(Font)              scaled to size 10.79993pt on input line 32.
 [7

]
LaTeX Font Info:    Trying to load font information for TS1+phv on input line 4
2.
 (/usr/share/texlive/texmf-dist/tex/latex/psnfss/ts1phv.fd
File: ts1phv.fd 2020/03/25 scalable font definitions for TS1/phv.
)
LaTeX Font Info:    Font shape `TS1/phv/m/n' will be
(Font)              scaled to size 8.99994pt on input line 42.
LaTeX Font Info:    Font shape `T1/phv/bc/n' will be
(Font)              scaled to size 8.99994pt on input line 42.

Underfull \hbox (badness 10000) detected at line 42
[][][]
 []

) (./classApplication.tex
LaTeX Font Info:    Font shape `T1/phv/m/n' will be
(Font)              scaled to size 8.09995pt on input line 16.
LaTeX Font Info:    Font shape `T1/phv/m/it' in size <9> not available
(Font)              Font shape `T1/phv/m/sl' tried instead on input line 16.
LaTeX Font Info:    Font shape `T1/phv/m/sl' will be
(Font)              scaled to size 8.09995pt on input line 16.
 [8]
LaTeX Font Info:    Font shape `T1/phv/m/n' will be
(Font)              scaled to size 7.19995pt on input line 76.
LaTeX Font Info:    Font shape `T1/pcr/m/it' in size <8> not available
(Font)              Font shape `T1/pcr/m/sl' tried instead on input line 76.
LaTeX Font Info:    Font shape `T1/pcr/m/it' in size <7> not available
(Font)              Font shape `T1/pcr/m/sl' tried instead on input line 76.


Package longtable Warning: Column widths have changed
(longtable)                in table 4.1 on input line 86.

[9]
Underfull \hbox (badness 10000) detected at line 100
[][][]
 []


Package longtable Warning: Column widths have changed
(longtable)                in table 4.2 on input line 119.


Underfull \hbox (badness 10000) detected at line 120
[][][]
 []


Underfull \hbox (badness 10000) detected at line 133
[][][]
 []

[10]
Underfull \hbox (badness 10000) detected at line 146
[][][]
 []


Underfull \hbox (badness 10000) detected at line 159
[][][]
 []


Underfull \hbox (badness 10000) detected at line 172
[][][]
 []


Underfull \hbox (badness 10000) detected at line 185
[][][]
 []


Underfull \hbox (badness 10000) detected at line 198
[][][]
 []

[11]
Underfull \hbox (badness 10000) detected at line 211
[][][]
 []


Underfull \hbox (badness 10000) detected at line 224
[][][]
 []

) (./classCalendar.tex <./classCalendar__inherit__graph.pdf

pdfTeX warning: pdflatex (file ./classCalendar__inherit__graph.pdf): PDF inclus
ion: multiple pdfs with page group included in a single page
>
<classCalendar__inherit__graph.pdf, id=275, 153.57375pt x 156.585pt>
File: classCalendar__inherit__graph.pdf Graphic file (type pdf)
<use classCalendar__inherit__graph.pdf>
Package pdftex.def Info: classCalendar__inherit__graph.pdf  used on input line 
19.
(pdftex.def)             Requested size: 153.0pt x 156.00879pt.
 <./classCalendar__coll__graph.pdf

pdfTeX warning: pdflatex (file ./classCalendar__coll__graph.pdf): PDF inclusion
: multiple pdfs with page group included in a single page
>
<classCalendar__coll__graph.pdf, id=283, 153.57375pt x 156.585pt>
File: classCalendar__coll__graph.pdf Graphic file (type pdf)
<use classCalendar__coll__graph.pdf>
Package pdftex.def Info: classCalendar__coll__graph.pdf  used on input line 29.

(pdftex.def)             Requested size: 153.0pt x 156.00879pt.
 [12]
Underfull \hbox (badness 10000) detected at line 42
[][][]
 []

) (./structDate.tex [13]) (./classGTFSObject.tex <./classGTFSObject__inherit__g
raph.pdf>
<classGTFSObject__inherit__graph.pdf, id=316, 467.7475pt x 156.585pt>
File: classGTFSObject__inherit__graph.pdf Graphic file (type pdf)
<use classGTFSObject__inherit__graph.pdf>
Package pdftex.def Info: classGTFSObject__inherit__graph.pdf  used on input lin
e 19.
(pdftex.def)             Requested size: 350.0pt x 117.17323pt.
 [14]

Package longtable Warning: Column widths have changed
(longtable)                in table 4.3 on input line 61.


Underfull \hbox (badness 10000) detected at line 62
[][][]
 []


Package longtable Warning: Column widths have changed
(longtable)                in table 4.4 on input line 69.

[15]
Underfull \hbox (badness 10000) detected at line 80
[][][]
 []


Package longtable Warning: Column widths have changed
(longtable)                in table 4.5 on input line 97.


Underfull \hbox (badness 10000) detected at line 98
[][][]
 []


Package longtable Warning: Column widths have changed
(longtable)                in table 4.6 on input line 117.

) (./structJourney.tex [16]) (./structJourneyStep.tex <./structJourneyStep__col
l__graph.pdf

pdfTeX warning: pdflatex (file ./structJourneyStep__coll__graph.pdf): PDF inclu
sion: multiple pdfs with page group included in a single page
>
<structJourneyStep__coll__graph.pdf, id=381, 169.63374pt x 235.88126pt>
File: structJourneyStep__coll__graph.pdf Graphic file (type pdf)
<use structJourneyStep__coll__graph.pdf>
Package pdftex.def Info: structJourneyStep__coll__graph.pdf  used on input line
 19.
(pdftex.def)             Requested size: 169.0pt x 235.00964pt.
 [17]
LaTeX Font Info:    Font shape `T1/pcr/m/it' in size <9> not available
(Font)              Font shape `T1/pcr/m/sl' tried instead on input line 27.
) (./structnested__pair__hash.tex [18]
Underfull \hbox (badness 10000) in paragraph at lines 29--30
|  \T1/pcr/m/n/8 const std[]::pair$\OML/cmm/m/it/8 <$ \T1/pcr/m/n/8 std[]::pair
$\OML/cmm/m/it/8 <$ \T1/pcr/m/n/8 std[]::string, std[]::string $\OML/cmm/m/it/8
 >$\T1/pcr/m/n/8 , std[]::string $\OML/cmm/m/it/8 >$ \T1/pcr/m/n/8 & \T1/pcr/m/
sl/8 nested[]
 []


Package longtable Warning: Column widths have changed
(longtable)                in table 4.7 on input line 39.


Underfull \hbox (badness 10000) detected at line 40
[][][]
 []

) (./structpair__hash.tex [19]
Underfull \hbox (badness 1742) in paragraph at lines 22--23
[]\T1/phv/m/n/10 Provides a cus-tom hash im-ple-men-ta-tion for pairs of string
s, used in un-ordered con-tain-ers like \T1/pcr/m/n/10 std[]
 []


Package longtable Warning: Column widths have changed
(longtable)                in table 4.8 on input line 39.


Underfull \hbox (badness 10000) detected at line 40
[][][]
 []

) (./classParser.tex [20] [21]

Package longtable Warning: Column widths have changed
(longtable)                in table 4.9 on input line 98.


Underfull \hbox (badness 10000) detected at line 122
[][][]
 []

[22]
Underfull \hbox (badness 10000) detected at line 135
[][][]
 []


Underfull \hbox (badness 10000) in paragraph at lines 142--143
\T1/pcr/m/n/8 std[]::unordered[]_[]map$\OML/cmm/m/it/8 <$ \T1/pcr/m/n/8 std[]::
pair$\OML/cmm/m/it/8 <$ \T1/pcr/m/n/8 std[]::string, std[]::string $\OML/cmm/m/
it/8 >$\T1/pcr/m/n/8 , [], [] $\OML/cmm/m/it/8 >$ \T1/pcr/m/n/8 Parser[]::get[]

 []


Underfull \hbox (badness 10000) detected at line 148
[][][]
 []


Underfull \hbox (badness 10000) detected at line 161
[][][]
 []


Underfull \hbox (badness 10000) in paragraph at lines 168--169
\T1/pcr/m/n/8 std[]::unordered[]_[]map$\OML/cmm/m/it/8 <$ \T1/pcr/m/n/8 std[]::
pair$\OML/cmm/m/it/8 <$ \T1/pcr/m/n/8 std[]::string, std[]::string $\OML/cmm/m/
it/8 >$\T1/pcr/m/n/8 , [], [] $\OML/cmm/m/it/8 >$ \T1/pcr/m/n/8 Parser[]
 []


Underfull \hbox (badness 10000) detected at line 174
[][][]
 []


Underfull \hbox (badness 10000) detected at line 187
[][][]
 []

[23]) (./structQuery.tex <./structQuery__coll__graph.pdf

pdfTeX warning: pdflatex (file ./structQuery__coll__graph.pdf): PDF inclusion: 
multiple pdfs with page group included in a single page
>
<structQuery__coll__graph.pdf, id=578, 223.83624pt x 167.62625pt>
File: structQuery__coll__graph.pdf Graphic file (type pdf)
<use structQuery__coll__graph.pdf>
Package pdftex.def Info: structQuery__coll__graph.pdf  used on input line 19.
(pdftex.def)             Requested size: 223.0pt x 167.00427pt.
 [24]) (./classRaptor.tex <./classRaptor__coll__graph.pdf>
<classRaptor__coll__graph.pdf, id=605, 223.83624pt x 234.8775pt>
File: classRaptor__coll__graph.pdf Graphic file (type pdf)
<use classRaptor__coll__graph.pdf>
Package pdftex.def Info: classRaptor__coll__graph.pdf  used on input line 19.
(pdftex.def)             Requested size: 223.0pt x 234.00601pt.
 [25] [26] [27]
LaTeX Font Info:    Font shape `T1/phv/b/n' will be
(Font)              scaled to size 7.19995pt on input line 142.

Overfull \hbox (15.09526pt too wide) in paragraph at lines 153--154
|  \T1/pcr/m/n/8 const std[]::unordered[]_[]map$\OML/cmm/m/it/8 <$ \T1/pcr/m/n/
8 std[]::pair$\OML/cmm/m/it/8 <$ \T1/pcr/m/n/8 std[]::string, std[]::string $\O
ML/cmm/m/it/8 >$\T1/pcr/m/n/8 , [], []
 []


Overfull \hbox (0.98067pt too wide) in paragraph at lines 1--1
[]\T1/phv/m/sl/10 agencies[] 
 []


Overfull \hbox (3.9776pt too wide) in paragraph at lines 3--3
[]\T1/phv/m/sl/10 calendars[] 
 []


Package longtable Warning: Column widths have changed
(longtable)                in table 4.10 on input line 175.

[28]
Overfull \hbox (38.61221pt too wide) in paragraph at lines 183--184
\T1/pcr/m/n/8 std[]::unordered[]_[]set$\OML/cmm/m/it/8 <$ \T1/pcr/m/n/8 std[]::
pair$\OML/cmm/m/it/8 <$ \T1/pcr/m/n/8 std[]::pair$\OML/cmm/m/it/8 <$ \T1/pcr/m/
n/8 std[]::string, std[]::string $\OML/cmm/m/it/8 >$\T1/pcr/m/n/8 , std[]::stri
ng $\OML/cmm/m/it/8 >$\T1/pcr/m/n/8 , []
 []


Underfull \hbox (badness 10000) detected at line 189
[][][]
 []


Package longtable Warning: Column widths have changed
(longtable)                in table 4.11 on input line 208.


Underfull \hbox (badness 10000) detected at line 209
[][][]
 []


Package longtable Warning: Column widths have changed
(longtable)                in table 4.12 on input line 228.

[29]
Underfull \hbox (badness 10000) detected at line 229
[][][]
 []


Package longtable Warning: Column widths have changed
(longtable)                in table 4.13 on input line 246.


Package longtable Warning: Column widths have changed
(longtable)                in table 4.14 on input line 263.


Underfull \hbox (badness 10000) detected at line 264
[][][]
 []


Underfull \hbox (badness 10000) detected at line 279
[][][]
 []

[30]
Underfull \hbox (badness 10000) detected at line 292
[][][]
 []


Package longtable Warning: Column widths have changed
(longtable)                in table 4.15 on input line 311.


Underfull \hbox (badness 10000) detected at line 312
[][][]
 []


Package longtable Warning: Column widths have changed
(longtable)                in table 4.16 on input line 329.


Underfull \hbox (badness 10000) detected at line 330
[][][]
 []

[31]

Package longtable Warning: Column widths have changed
(longtable)                in table 4.17 on input line 347.


Underfull \hbox (badness 10000) detected at line 348
[][][]
 []


Package longtable Warning: Column widths have changed
(longtable)                in table 4.18 on input line 367.


Underfull \hbox (badness 10000) detected at line 368
[][][]
 []


Package longtable Warning: Column widths have changed
(longtable)                in table 4.19 on input line 387.

[32]
Underfull \hbox (badness 10000) detected at line 388
[][][]
 []


Package longtable Warning: Column widths have changed
(longtable)                in table 4.20 on input line 409.


Underfull \hbox (badness 10000) detected at line 410
[][][]
 []


Package longtable Warning: Column widths have changed
(longtable)                in table 4.21 on input line 427.


Underfull \hbox (badness 10000) detected at line 428
[][][]
 []

[33]

Package longtable Warning: Column widths have changed
(longtable)                in table 4.22 on input line 451.


Underfull \hbox (badness 10000) detected at line 462
[][][]
 []


Package longtable Warning: Column widths have changed
(longtable)                in table 4.23 on input line 481.

[34]

Package longtable Warning: Column widths have changed
(longtable)                in table 4.24 on input line 496.


Package longtable Warning: Column widths have changed
(longtable)                in table 4.25 on input line 513.


Underfull \hbox (badness 10000) in paragraph at lines 518--519
|  \T1/pcr/m/n/8 std[]::unordered[]_[]set$\OML/cmm/m/it/8 <$ \T1/pcr/m/n/8 std[
]::pair$\OML/cmm/m/it/8 <$ \T1/pcr/m/n/8 std[]::pair$\OML/cmm/m/it/8 <$ \T1/pcr
/m/n/8 std[]::string, std[]::string $\OML/cmm/m/it/8 >$\T1/pcr/m/n/8 , std[]
 []


Package longtable Warning: Column widths have changed
(longtable)                in table 4.26 on input line 528.


Package longtable Warning: Column widths have changed
(longtable)                in table 4.27 on input line 547.


Overfull \vbox (26.26796pt too high) has occurred while \output is active []


[35]) (./classRaptorTests.tex <./classRaptorTests__inherit__graph.pdf

pdfTeX warning: pdflatex (file ./classRaptorTests__inherit__graph.pdf): PDF inc
lusion: multiple pdfs with page group included in a single page
>
<classRaptorTests__inherit__graph.pdf, id=916, 156.585pt x 156.585pt>
File: classRaptorTests__inherit__graph.pdf Graphic file (type pdf)
<use classRaptorTests__inherit__graph.pdf>
Package pdftex.def Info: classRaptorTests__inherit__graph.pdf  used on input li
ne 15.
(pdftex.def)             Requested size: 156.0pt x 156.0064pt.
 <./classRaptorTests__coll__graph.pdf

pdfTeX warning: pdflatex (file ./classRaptorTests__coll__graph.pdf): PDF inclus
ion: multiple pdfs with page group included in a single page
>
<classRaptorTests__coll__graph.pdf, id=924, 271.0125pt x 302.12875pt>
File: classRaptorTests__coll__graph.pdf Graphic file (type pdf)
<use classRaptorTests__coll__graph.pdf>
Package pdftex.def Info: classRaptorTests__coll__graph.pdf  used on input line 
25.
(pdftex.def)             Requested size: 270.0pt x 301.01236pt.
 [36]) (./classRoute.tex <./classRoute__inherit__graph.pdf>
<classRoute__inherit__graph.pdf, id=943, 153.57375pt x 156.585pt>
File: classRoute__inherit__graph.pdf Graphic file (type pdf)
<use classRoute__inherit__graph.pdf>
Package pdftex.def Info: classRoute__inherit__graph.pdf  used on input line 19.

(pdftex.def)             Requested size: 153.0pt x 156.00879pt.
 <./classRoute__coll__graph.pdf

pdfTeX warning: pdflatex (file ./classRoute__coll__graph.pdf): PDF inclusion: m
ultiple pdfs with page group included in a single page
>
<classRoute__coll__graph.pdf, id=951, 153.57375pt x 156.585pt>
File: classRoute__coll__graph.pdf Graphic file (type pdf)
<use classRoute__coll__graph.pdf>
Package pdftex.def Info: classRoute__coll__graph.pdf  used on input line 29.
(pdftex.def)             Requested size: 153.0pt x 156.00879pt.
 [37] [38]

Package longtable Warning: Column widths have changed
(longtable)                in table 4.28 on input line 77.


Package longtable Warning: Column widths have changed
(longtable)                in table 4.29 on input line 92.

[39]
Underfull \hbox (badness 10000) detected at line 103
[][][]
 []


Underfull \hbox (badness 10000) detected at line 116
[][][]
 []


Underfull \hbox (badness 10000) in paragraph at lines 123--124
|  \T1/pcr/m/n/8 const std[]::function$\OML/cmm/m/it/8 <$ \T1/pcr/m/n/8 bool(co
nst std[]::string &, const std[]::string &)$\OML/cmm/m/it/8 >$ \T1/pcr/m/n/8 & 
\T1/pcr/m/sl/8 comparator
 []


Package longtable Warning: Column widths have changed
(longtable)                in table 4.30 on input line 133.

) (./classStop.tex <./classStop__inherit__graph.pdf

pdfTeX warning: pdflatex (file ./classStop__inherit__graph.pdf): PDF inclusion:
 multiple pdfs with page group included in a single page
>
<classStop__inherit__graph.pdf, id=1009, 153.57375pt x 156.585pt>
File: classStop__inherit__graph.pdf Graphic file (type pdf)
<use classStop__inherit__graph.pdf>
Package pdftex.def Info: classStop__inherit__graph.pdf  used on input line 19.
(pdftex.def)             Requested size: 153.0pt x 156.00879pt.
 [40] <./classStop__coll__graph.pdf

pdfTeX warning: pdflatex (file ./classStop__coll__graph.pdf): PDF inclusion: mu
ltiple pdfs with page group included in a single page
>
<classStop__coll__graph.pdf, id=1026, 153.57375pt x 156.585pt>
File: classStop__coll__graph.pdf Graphic file (type pdf)
<use classStop__coll__graph.pdf>
Package pdftex.def Info: classStop__coll__graph.pdf  used on input line 29.
(pdftex.def)             Requested size: 153.0pt x 156.00879pt.
 [41]

Package longtable Warning: Column widths have changed
(longtable)                in table 4.31 on input line 86.

[42]

Package longtable Warning: Column widths have changed
(longtable)                in table 4.32 on input line 101.


Package longtable Warning: Column widths have changed
(longtable)                in table 4.33 on input line 116.


Underfull \hbox (badness 10000) detected at line 127
[][][]
 []


Underfull \hbox (badness 10000) in paragraph at lines 134--135
\T1/pcr/m/n/8 const std[]::unordered[]_[]set$\OML/cmm/m/it/8 <$ \T1/pcr/m/n/8 s
td[]::pair$\OML/cmm/m/it/8 <$ \T1/pcr/m/n/8 std[]::string, std[]::string $\OML/
cmm/m/it/8 >$\T1/pcr/m/n/8 , [] $\OML/cmm/m/it/8 >$ \T1/pcr/m/n/8 & Stop[]::get
[]
 []


Underfull \hbox (badness 10000) detected at line 140
[][][]
 []


Underfull \hbox (badness 10000) detected at line 153
[][][]
 []


Underfull \hbox (badness 10000) in paragraph at lines 160--161
|  \T1/pcr/m/n/8 const std[]::function$\OML/cmm/m/it/8 <$ \T1/pcr/m/n/8 bool(co
nst std[]::pair$\OML/cmm/m/it/8 <$ \T1/pcr/m/n/8 std[]::string, std[]::string $
\OML/cmm/m/it/8 >$ \T1/pcr/m/n/8 &, const
 []

[43]

Package longtable Warning: Column widths have changed
(longtable)                in table 4.34 on input line 170.

) (./structStopInfo.tex [44]) (./classStopTime.tex <./classStopTime__inherit__g
raph.pdf

pdfTeX warning: pdflatex (file ./classStopTime__inherit__graph.pdf): PDF inclus
ion: multiple pdfs with page group included in a single page
>
<classStopTime__inherit__graph.pdf, id=1109, 153.57375pt x 156.585pt>
File: classStopTime__inherit__graph.pdf Graphic file (type pdf)
<use classStopTime__inherit__graph.pdf>
Package pdftex.def Info: classStopTime__inherit__graph.pdf  used on input line 
19.
(pdftex.def)             Requested size: 153.0pt x 156.00879pt.
 <./classStopTime__coll__graph.pdf

pdfTeX warning: pdflatex (file ./classStopTime__coll__graph.pdf): PDF inclusion
: multiple pdfs with page group included in a single page
>
<classStopTime__coll__graph.pdf, id=1117, 153.57375pt x 156.585pt>
File: classStopTime__coll__graph.pdf Graphic file (type pdf)
<use classStopTime__coll__graph.pdf>
Package pdftex.def Info: classStopTime__coll__graph.pdf  used on input line 29.

(pdftex.def)             Requested size: 153.0pt x 156.00879pt.
 [45]
Underfull \hbox (badness 10000) detected at line 71
[][][]
 []


Underfull \hbox (badness 10000) detected at line 84
[][][]
 []

[46]

Package longtable Warning: Column widths have changed
(longtable)                in table 4.35 on input line 101.


Package longtable Warning: Column widths have changed
(longtable)                in table 4.36 on input line 116.

) (./structTime.tex [47]) (./classTrip.tex <./classTrip__inherit__graph.pdf

pdfTeX warning: pdflatex (file ./classTrip__inherit__graph.pdf): PDF inclusion:
 multiple pdfs with page group included in a single page
>
<classTrip__inherit__graph.pdf, id=1174, 153.57375pt x 156.585pt>
File: classTrip__inherit__graph.pdf Graphic file (type pdf)
<use classTrip__inherit__graph.pdf>
Package pdftex.def Info: classTrip__inherit__graph.pdf  used on input line 19.
(pdftex.def)             Requested size: 153.0pt x 156.00879pt.
 <./classTrip__coll__graph.pdf

pdfTeX warning: pdflatex (file ./classTrip__coll__graph.pdf): PDF inclusion: mu
ltiple pdfs with page group included in a single page
>
<classTrip__coll__graph.pdf, id=1182, 153.57375pt x 156.585pt>
File: classTrip__coll__graph.pdf Graphic file (type pdf)
<use classTrip__coll__graph.pdf>
Package pdftex.def Info: classTrip__coll__graph.pdf  used on input line 29.
(pdftex.def)             Requested size: 153.0pt x 156.00879pt.
 [48]
LaTeX Font Info:    Font shape `TS1/phv/m/it' in size <9> not available
(Font)              Font shape `TS1/phv/m/sl' tried instead on input line 50.
LaTeX Font Info:    Font shape `TS1/phv/m/sl' will be
(Font)              scaled to size 8.09995pt on input line 50.


Package longtable Warning: Column widths have changed
(longtable)                in table 4.37 on input line 77.

[49]
Underfull \hbox (badness 10000) detected at line 88
[][][]
 []


Package longtable Warning: Column widths have changed
(longtable)                in table 4.38 on input line 105.


Underfull \hbox (badness 10000) detected at line 106
[][][]
 []


Package longtable Warning: Column widths have changed
(longtable)                in table 4.39 on input line 125.


Underfull \hbox (badness 10000) in paragraph at lines 130--131
|  \T1/pcr/m/n/8 const std[]::function$\OML/cmm/m/it/8 <$ \T1/pcr/m/n/8 bool(co
nst std[]::pair$\OML/cmm/m/it/8 <$ \T1/pcr/m/n/8 std[]::string, std[]::string $
\OML/cmm/m/it/8 >$ \T1/pcr/m/n/8 &, const
 []

[50]

Package longtable Warning: Column widths have changed
(longtable)                in table 4.40 on input line 140.

) (./classUtils.tex [51]

Package longtable Warning: Column widths have changed
(longtable)                in table 4.41 on input line 65.


Underfull \hbox (badness 10000) detected at line 66
[][][]
 []


Package longtable Warning: Column widths have changed
(longtable)                in table 4.42 on input line 85.

[52]

Package longtable Warning: Column widths have changed
(longtable)                in table 4.43 on input line 106.


Underfull \hbox (badness 10000) detected at line 107
[][][]
 []


Package longtable Warning: Column widths have changed
(longtable)                in table 4.44 on input line 128.


Underfull \hbox (badness 10000) detected at line 129
[][][]
 []

[53]

Package longtable Warning: Column widths have changed
(longtable)                in table 4.45 on input line 148.


Underfull \hbox (badness 10000) detected at line 149
[][][]
 []


Package longtable Warning: Column widths have changed
(longtable)                in table 4.46 on input line 174.


Underfull \hbox (badness 10000) detected at line 175
[][][]
 []


Package longtable Warning: Column widths have changed
(longtable)                in table 4.47 on input line 194.

[54]
Underfull \hbox (badness 10000) detected at line 195
[][][]
 []


Package longtable Warning: Column widths have changed
(longtable)                in table 4.48 on input line 214.


Underfull \hbox (badness 10000) detected at line 215
[][][]
 []


Package longtable Warning: Column widths have changed
(longtable)                in table 4.49 on input line 240.


Underfull \hbox (badness 10000) detected at line 241
[][][]
 []

[55]

Package longtable Warning: Column widths have changed
(longtable)                in table 4.50 on input line 260.


Underfull \hbox (badness 10000) detected at line 261
[][][]
 []


Package longtable Warning: Column widths have changed
(longtable)                in table 4.51 on input line 282.


Underfull \hbox (badness 10000) detected at line 283
[][][]
 []

[56]

Package longtable Warning: Column widths have changed
(longtable)                in table 4.52 on input line 302.


Underfull \hbox (badness 10000) detected at line 303
[][][]
 []


Package longtable Warning: Column widths have changed
(longtable)                in table 4.53 on input line 322.


Underfull \hbox (badness 10000) detected at line 323
[][][]
 []

) [57] [58

]
Chapter 5.
(./Application_8cpp.tex <./Application_8cpp__incl.pdf

pdfTeX warning: pdflatex (file ./Application_8cpp__incl.pdf): PDF inclusion: mu
ltiple pdfs with page group included in a single page
>
<Application_8cpp__incl.pdf, id=1357, 1638.12pt x 572.1375pt>
File: Application_8cpp__incl.pdf Graphic file (type pdf)
<use Application_8cpp__incl.pdf>
Package pdftex.def Info: Application_8cpp__incl.pdf  used on input line 14.
(pdftex.def)             Requested size: 350.0pt x 122.2389pt.

Underfull \hbox (badness 10000) detected at line 24
[][][]
 []

) (./Application_8h.tex <./Application_8h__incl.pdf

pdfTeX warning: pdflatex (file ./Application_8h__incl.pdf): PDF inclusion: mult
iple pdfs with page group included in a single page
>
<Application_8h__incl.pdf, id=1368, 1638.12pt x 515.9275pt>
File: Application_8h__incl.pdf Graphic file (type pdf)
<use Application_8h__incl.pdf>
Package pdftex.def Info: Application_8h__incl.pdf  used on input line 16.
(pdftex.def)             Requested size: 350.0pt x 110.22948pt.
 [59] <./Application_8h__dep__incl.pdf>
<Application_8h__dep__incl.pdf, id=1386, 287.0725pt x 156.585pt>
File: Application_8h__dep__incl.pdf Graphic file (type pdf)
<use Application_8h__dep__incl.pdf>
Package pdftex.def Info: Application_8h__dep__incl.pdf  used on input line 24.
(pdftex.def)             Requested size: 286.0pt x 156.004pt.

Underfull \hbox (badness 10000) detected at line 39
[][][]
 []

) (./DateTime_8h.tex <./DateTime_8h__incl.pdf

pdfTeX warning: pdflatex (file ./DateTime_8h__incl.pdf): PDF inclusion: multipl
e pdfs with page group included in a single page
>
<DateTime_8h__incl.pdf, id=1396, 171.64125pt x 156.585pt>
File: DateTime_8h__incl.pdf Graphic file (type pdf)
<use DateTime_8h__incl.pdf>
Package pdftex.def Info: DateTime_8h__incl.pdf  used on input line 14.
(pdftex.def)             Requested size: 171.0pt x 155.99922pt.
 [60] <./DateTime_8h__dep__incl.pdf>
<DateTime_8h__dep__incl.pdf, id=1414, 1258.7025pt x 526.96875pt>
File: DateTime_8h__dep__incl.pdf Graphic file (type pdf)
<use DateTime_8h__dep__incl.pdf>
Package pdftex.def Info: DateTime_8h__dep__incl.pdf  used on input line 22.
(pdftex.def)             Requested size: 350.0pt x 146.52904pt.
 [61]

Package longtable Warning: Column widths have changed
(longtable)                in table 5.1 on input line 75.

) (./main_8cpp.tex <./main_8cpp__incl.pdf>
<main_8cpp__incl.pdf, id=1445, 1651.16875pt x 572.1375pt>
File: main_8cpp__incl.pdf Graphic file (type pdf)
<use main_8cpp__incl.pdf>
Package pdftex.def Info: main_8cpp__incl.pdf  used on input line 15.
(pdftex.def)             Requested size: 350.0pt x 121.26987pt.
 [62]

Package longtable Warning: Column widths have changed
(longtable)                in table 5.2 on input line 49.


Underfull \hbox (badness 10000) detected at line 50
[][][]
 []

) (./DataStructures_8h.tex <./DataStructures_8h__incl.pdf>
<DataStructures_8h__incl.pdf, id=1469, 591.20876pt x 223.83624pt>
File: DataStructures_8h__incl.pdf Graphic file (type pdf)
<use DataStructures_8h__incl.pdf>
Package pdftex.def Info: DataStructures_8h__incl.pdf  used on input line 19.
(pdftex.def)             Requested size: 350.0pt x 132.5165pt.
 [63] <./DataStructures_8h__dep__incl.pdf

pdfTeX warning: pdflatex (file ./DataStructures_8h__dep__incl.pdf): PDF inclusi
on: multiple pdfs with page group included in a single page
>
<DataStructures_8h__dep__incl.pdf, id=1489, 407.5225pt x 414.54875pt>
File: DataStructures_8h__dep__incl.pdf Graphic file (type pdf)
<use DataStructures_8h__dep__incl.pdf>
Package pdftex.def Info: DataStructures_8h__dep__incl.pdf  used on input line 2
7.
(pdftex.def)             Requested size: 350.0pt x 356.04953pt.
 [64]) (./Agency_8cpp.tex <./Agency_8cpp__incl.pdf>
<Agency_8cpp__incl.pdf, id=1516, 701.62125pt x 392.46625pt>
File: Agency_8cpp__incl.pdf Graphic file (type pdf)
<use Agency_8cpp__incl.pdf>
Package pdftex.def Info: Agency_8cpp__incl.pdf  used on input line 14.
(pdftex.def)             Requested size: 350.0pt x 195.7835pt.

Underfull \hbox (badness 10000) detected at line 24
[][][]
 []


Underfull \hbox (badness 10000) detected at line 27
[][][]
 []

) (./Agency_8h.tex [65] <./Agency_8h__incl.pdf>
<Agency_8h__incl.pdf, id=1538, 701.62125pt x 336.25626pt>
File: Agency_8h__incl.pdf Graphic file (type pdf)
<use Agency_8h__incl.pdf>
Package pdftex.def Info: Agency_8h__incl.pdf  used on input line 14.
(pdftex.def)             Requested size: 350.0pt x 167.74289pt.
 <./Agency_8h__dep__incl.pdf

pdfTeX warning: pdflatex (file ./Agency_8h__dep__incl.pdf): PDF inclusion: mult
iple pdfs with page group included in a single page
>
<Agency_8h__dep__incl.pdf, id=1546, 422.57875pt x 347.2975pt>
File: Agency_8h__dep__incl.pdf Graphic file (type pdf)
<use Agency_8h__dep__incl.pdf>
Package pdftex.def Info: Agency_8h__dep__incl.pdf  used on input line 22.
(pdftex.def)             Requested size: 350.0pt x 287.65802pt.
 [66]
Underfull \hbox (badness 10000) detected at line 37
[][][]
 []


Underfull \hbox (badness 10000) detected at line 40
[][][]
 []

) (./Calendar_8cpp.tex <./Calendar_8cpp__incl.pdf>
<Calendar_8cpp__incl.pdf, id=1568, 701.62125pt x 392.46625pt>
File: Calendar_8cpp__incl.pdf Graphic file (type pdf)
<use Calendar_8cpp__incl.pdf>
Package pdftex.def Info: Calendar_8cpp__incl.pdf  used on input line 14.
(pdftex.def)             Requested size: 350.0pt x 195.7835pt.

Underfull \hbox (badness 10000) detected at line 24
[][][]
 []


Underfull \hbox (badness 10000) detected at line 27
[][][]
 []

) (./Calendar_8h.tex <./Calendar_8h__incl.pdf

pdfTeX warning: pdflatex (file ./Calendar_8h__incl.pdf): PDF inclusion: multipl
e pdfs with page group included in a single page
>
<Calendar_8h__incl.pdf, id=1579, 701.62125pt x 336.25626pt>
File: Calendar_8h__incl.pdf Graphic file (type pdf)
<use Calendar_8h__incl.pdf>
Package pdftex.def Info: Calendar_8h__incl.pdf  used on input line 14.
(pdftex.def)             Requested size: 350.0pt x 167.74289pt.
 [67] <./Calendar_8h__dep__incl.pdf>
<Calendar_8h__dep__incl.pdf, id=1596, 430.60875pt x 347.2975pt>
File: Calendar_8h__dep__incl.pdf Graphic file (type pdf)
<use Calendar_8h__dep__incl.pdf>
Package pdftex.def Info: Calendar_8h__dep__incl.pdf  used on input line 22.
(pdftex.def)             Requested size: 350.0pt x 282.28981pt.
 [68]
Underfull \hbox (badness 10000) detected at line 37
[][][]
 []


Underfull \hbox (badness 10000) detected at line 40
[][][]
 []

) (./GTFSObject_8cpp.tex <./GTFSObject_8cpp__incl.pdf>
<GTFSObject_8cpp__incl.pdf, id=1618, 701.62125pt x 336.25626pt>
File: GTFSObject_8cpp__incl.pdf Graphic file (type pdf)
<use GTFSObject_8cpp__incl.pdf>
Package pdftex.def Info: GTFSObject_8cpp__incl.pdf  used on input line 14.
(pdftex.def)             Requested size: 350.0pt x 167.74289pt.

Underfull \hbox (badness 10000) detected at line 24
[][][]
 []

) (./GTFSObject_8h.tex <./GTFSObject_8h__incl.pdf

pdfTeX warning: pdflatex (file ./GTFSObject_8h__incl.pdf): PDF inclusion: multi
ple pdfs with page group included in a single page
>
<GTFSObject_8h__incl.pdf, id=1629, 701.62125pt x 280.04625pt>
File: GTFSObject_8h__incl.pdf Graphic file (type pdf)
<use GTFSObject_8h__incl.pdf>
Package pdftex.def Info: GTFSObject_8h__incl.pdf  used on input line 18.
(pdftex.def)             Requested size: 350.0pt x 139.70229pt.
 [69] <./GTFSObject_8h__dep__incl.pdf>
<GTFSObject_8h__dep__incl.pdf, id=1646, 1205.50375pt x 414.54875pt>
File: GTFSObject_8h__dep__incl.pdf Graphic file (type pdf)
<use GTFSObject_8h__dep__incl.pdf>
Package pdftex.def Info: GTFSObject_8h__dep__incl.pdf  used on input line 26.
(pdftex.def)             Requested size: 350.0pt x 120.35521pt.

Underfull \hbox (badness 10000) detected at line 41
[][][]
 []


Underfull \hbox (badness 10000) detected at line 44
[][][]
 []

) (./Route_8cpp.tex [70] <./Route_8cpp__incl.pdf>
<Route_8cpp__incl.pdf, id=1669, 701.62125pt x 392.46625pt>
File: Route_8cpp__incl.pdf Graphic file (type pdf)
<use Route_8cpp__incl.pdf>
Package pdftex.def Info: Route_8cpp__incl.pdf  used on input line 15.
(pdftex.def)             Requested size: 350.0pt x 195.7835pt.

Underfull \hbox (badness 10000) detected at line 25
[][][]
 []

) (./Route_8h.tex <./Route_8h__incl.pdf

pdfTeX warning: pdflatex (file ./Route_8h__incl.pdf): PDF inclusion: multiple p
dfs with page group included in a single page
>
<Route_8h__incl.pdf, id=1680, 701.62125pt x 336.25626pt>
File: Route_8h__incl.pdf Graphic file (type pdf)
<use Route_8h__incl.pdf>
Package pdftex.def Info: Route_8h__incl.pdf  used on input line 14.
(pdftex.def)             Requested size: 350.0pt x 167.74289pt.
 [71] <./Route_8h__dep__incl.pdf>
<Route_8h__dep__incl.pdf, id=1698, 416.55624pt x 347.2975pt>
File: Route_8h__dep__incl.pdf Graphic file (type pdf)
<use Route_8h__dep__incl.pdf>
Package pdftex.def Info: Route_8h__dep__incl.pdf  used on input line 22.
(pdftex.def)             Requested size: 350.0pt x 291.82329pt.
 [72]
Underfull \hbox (badness 10000) detected at line 37
[][][]
 []


Underfull \hbox (badness 10000) detected at line 40
[][][]
 []

) (./Stop_8cpp.tex <./Stop_8cpp__incl.pdf>
<Stop_8cpp__incl.pdf, id=1719, 691.58376pt x 392.46625pt>
File: Stop_8cpp__incl.pdf Graphic file (type pdf)
<use Stop_8cpp__incl.pdf>
Package pdftex.def Info: Stop_8cpp__incl.pdf  used on input line 14.
(pdftex.def)             Requested size: 350.0pt x 198.62206pt.

Underfull \hbox (badness 10000) detected at line 24
[][][]
 []

) (./Stop_8h.tex <./Stop_8h__incl.pdf

pdfTeX warning: pdflatex (file ./Stop_8h__incl.pdf): PDF inclusion: multiple pd
fs with page group included in a single page
>
<Stop_8h__incl.pdf, id=1730, 691.58376pt x 336.25626pt>
File: Stop_8h__incl.pdf Graphic file (type pdf)
<use Stop_8h__incl.pdf>
Package pdftex.def Info: Stop_8h__incl.pdf  used on input line 15.
(pdftex.def)             Requested size: 350.0pt x 170.17491pt.
 [73] <./Stop_8h__dep__incl.pdf>
<Stop_8h__dep__incl.pdf, id=1747, 408.52625pt x 347.2975pt>
File: Stop_8h__dep__incl.pdf Graphic file (type pdf)
<use Stop_8h__dep__incl.pdf>
Package pdftex.def Info: Stop_8h__dep__incl.pdf  used on input line 23.
(pdftex.def)             Requested size: 350.0pt x 297.55716pt.
 [74]
Underfull \hbox (badness 10000) detected at line 38
[][][]
 []


Underfull \hbox (badness 10000) detected at line 41
[][][]
 []

) (./StopTime_8cpp.tex <./StopTime_8cpp__incl.pdf>
<StopTime_8cpp__incl.pdf, id=1769, 701.62125pt x 392.46625pt>
File: StopTime_8cpp__incl.pdf Graphic file (type pdf)
<use StopTime_8cpp__incl.pdf>
Package pdftex.def Info: StopTime_8cpp__incl.pdf  used on input line 14.
(pdftex.def)             Requested size: 350.0pt x 195.7835pt.

Underfull \hbox (badness 10000) detected at line 24
[][][]
 []

) (./StopTime_8h.tex <./StopTime_8h__incl.pdf

pdfTeX warning: pdflatex (file ./StopTime_8h__incl.pdf): PDF inclusion: multipl
e pdfs with page group included in a single page
>
<StopTime_8h__incl.pdf, id=1780, 701.62125pt x 336.25626pt>
File: StopTime_8h__incl.pdf Graphic file (type pdf)
<use StopTime_8h__incl.pdf>
Package pdftex.def Info: StopTime_8h__incl.pdf  used on input line 14.
(pdftex.def)             Requested size: 350.0pt x 167.74289pt.
 [75] <./StopTime_8h__dep__incl.pdf>
<StopTime_8h__dep__incl.pdf, id=1798, 434.62375pt x 347.2975pt>
File: StopTime_8h__dep__incl.pdf Graphic file (type pdf)
<use StopTime_8h__dep__incl.pdf>
Package pdftex.def Info: StopTime_8h__dep__incl.pdf  used on input line 22.
(pdftex.def)             Requested size: 350.0pt x 279.69313pt.
 [76]
Underfull \hbox (badness 10000) detected at line 37
[][][]
 []


Underfull \hbox (badness 10000) detected at line 40
[][][]
 []

) (./Trip_8cpp.tex <./Trip_8cpp__incl.pdf>
<Trip_8cpp__incl.pdf, id=1820, 701.62125pt x 392.46625pt>
File: Trip_8cpp__incl.pdf Graphic file (type pdf)
<use Trip_8cpp__incl.pdf>
Package pdftex.def Info: Trip_8cpp__incl.pdf  used on input line 14.
(pdftex.def)             Requested size: 350.0pt x 195.7835pt.

Underfull \hbox (badness 10000) detected at line 24
[][][]
 []

) (./Trip_8h.tex <./Trip_8h__incl.pdf

pdfTeX warning: pdflatex (file ./Trip_8h__incl.pdf): PDF inclusion: multiple pd
fs with page group included in a single page
>
<Trip_8h__incl.pdf, id=1831, 701.62125pt x 336.25626pt>
File: Trip_8h__incl.pdf Graphic file (type pdf)
<use Trip_8h__incl.pdf>
Package pdftex.def Info: Trip_8h__incl.pdf  used on input line 14.
(pdftex.def)             Requested size: 350.0pt x 167.74289pt.
 [77] <./Trip_8h__dep__incl.pdf>
<Trip_8h__dep__incl.pdf, id=1849, 404.51125pt x 347.2975pt>
File: Trip_8h__dep__incl.pdf Graphic file (type pdf)
<use Trip_8h__dep__incl.pdf>
Package pdftex.def Info: Trip_8h__dep__incl.pdf  used on input line 22.
(pdftex.def)             Requested size: 350.0pt x 300.50359pt.
 [78]
Underfull \hbox (badness 10000) detected at line 37
[][][]
 []


Underfull \hbox (badness 10000) detected at line 40
[][][]
 []

) (./Parser_8cpp.tex <./Parser_8cpp__incl.pdf>
<Parser_8cpp__incl.pdf, id=1871, 1499.6025pt x 459.7175pt>
File: Parser_8cpp__incl.pdf Graphic file (type pdf)
<use Parser_8cpp__incl.pdf>
Package pdftex.def Info: Parser_8cpp__incl.pdf  used on input line 14.
(pdftex.def)             Requested size: 350.0pt x 107.29005pt.
) (./Parser_8h.tex <./Parser_8h__incl.pdf

pdfTeX warning: pdflatex (file ./Parser_8h__incl.pdf): PDF inclusion: multiple 
pdfs with page group included in a single page
>
<Parser_8h__incl.pdf, id=1882, 1499.6025pt x 403.5075pt>
File: Parser_8h__incl.pdf Graphic file (type pdf)
<use Parser_8h__incl.pdf>
Package pdftex.def Info: Parser_8h__incl.pdf  used on input line 26.
(pdftex.def)             Requested size: 350.0pt x 94.17163pt.
 [79] <./Parser_8h__dep__incl.pdf>
<Parser_8h__dep__incl.pdf, id=1900, 345.29pt x 269.005pt>
File: Parser_8h__dep__incl.pdf Graphic file (type pdf)
<use Parser_8h__dep__incl.pdf>
Package pdftex.def Info: Parser_8h__dep__incl.pdf  used on input line 34.
(pdftex.def)             Requested size: 344.0pt x 268.00278pt.
) (./Raptor_8cpp.tex [80] <./Raptor_8cpp__incl.pdf>
<Raptor_8cpp__incl.pdf, id=1922, 1592.95125pt x 515.9275pt>
File: Raptor_8cpp__incl.pdf Graphic file (type pdf)
<use Raptor_8cpp__incl.pdf>
Package pdftex.def Info: Raptor_8cpp__incl.pdf  used on input line 14.
(pdftex.def)             Requested size: 350.0pt x 113.35481pt.

Underfull \hbox (badness 10000) detected at line 24
[][][]
 []

) (./Raptor_8h.tex <./Raptor_8h__incl.pdf

pdfTeX warning: pdflatex (file ./Raptor_8h__incl.pdf): PDF inclusion: multiple 
pdfs with page group included in a single page
>
<Raptor_8h__incl.pdf, id=1933, 1592.95125pt x 459.7175pt>
File: Raptor_8h__incl.pdf Graphic file (type pdf)
<use Raptor_8h__incl.pdf>
Package pdftex.def Info: Raptor_8h__incl.pdf  used on input line 18.
(pdftex.def)             Requested size: 350.0pt x 101.00488pt.
 <./Raptor_8h__dep__incl.pdf

pdfTeX warning: pdflatex (file ./Raptor_8h__dep__incl.pdf): PDF inclusion: mult
iple pdfs with page group included in a single page
>
<Raptor_8h__dep__incl.pdf, id=1941, 345.29pt x 212.795pt>
File: Raptor_8h__dep__incl.pdf Graphic file (type pdf)
<use Raptor_8h__dep__incl.pdf>
Package pdftex.def Info: Raptor_8h__dep__incl.pdf  used on input line 26.
(pdftex.def)             Requested size: 344.0pt x 212.0022pt.
 [81]
Underfull \hbox (badness 10000) detected at line 45
[][][]
 []


Underfull \hbox (badness 10000) detected at line 48
[][][]
 []

) (./Utils_8cpp.tex <./Utils_8cpp__incl.pdf>
<Utils_8cpp__incl.pdf, id=1962, 580.1675pt x 269.005pt>
File: Utils_8cpp__incl.pdf Graphic file (type pdf)
<use Utils_8cpp__incl.pdf>
Package pdftex.def Info: Utils_8cpp__incl.pdf  used on input line 14.
(pdftex.def)             Requested size: 350.0pt x 162.28264pt.
 [82]
Underfull \hbox (badness 10000) detected at line 24
[][][]
 []


Underfull \hbox (badness 10000) detected at line 27
[][][]
 []

) (./Utils_8h.tex <./Utils_8h__incl.pdf>
<Utils_8h__incl.pdf, id=1978, 580.1675pt x 212.795pt>
File: Utils_8h__incl.pdf Graphic file (type pdf)
<use Utils_8h__incl.pdf>
Package pdftex.def Info: Utils_8h__incl.pdf  used on input line 20.
(pdftex.def)             Requested size: 350.0pt x 128.37282pt.
 [83] <./Utils_8h__dep__incl.pdf>
<Utils_8h__dep__incl.pdf, id=1996, 1345.025pt x 470.75874pt>
File: Utils_8h__dep__incl.pdf Graphic file (type pdf)
<use Utils_8h__dep__incl.pdf>
Package pdftex.def Info: Utils_8h__dep__incl.pdf  used on input line 28.
(pdftex.def)             Requested size: 350.0pt x 122.49495pt.

Underfull \hbox (badness 10000) detected at line 43
[][][]
 []


Underfull \hbox (badness 10000) detected at line 46
[][][]
 []

) [84]
No file refman.ind.

Package longtable Warning: Table widths have changed. Rerun LaTeX.

(./refman.aux)

LaTeX Warning: There were undefined references.


LaTeX Warning: Label(s) may have changed. Rerun to get cross-references right.


Package rerunfilecheck Warning: File `refman.out' has changed.
(rerunfilecheck)                Rerun to get outlines right
(rerunfilecheck)                or use package `bookmark'.

Package rerunfilecheck Info: Checksums for `refman.out':
(rerunfilecheck)             Before: <no file>
(rerunfilecheck)             After:  26B533693B0A5B545160845760F119CD;43752.
 ) 
Here is how much of TeX's memory you used:
 18843 strings out of 480247
 317517 string characters out of 5896152
 593090 words of memory out of 5000000
 35706 multiletter control sequences out of 15000+600000
 531678 words of font info for 109 fonts, out of 8000000 for 9000
 14 hyphenation exceptions out of 8191
 99i,16n,117p,1073b,634s stack positions out of 5000i,500n,10000p,200000b,80000s
{/usr/share/texlive/texmf-dist/fonts/enc/dvips/base/8r.enc}</usr/share/texliv
e/texmf-dist/fonts/type1/public/amsfonts/cm/cmmi10.pfb></usr/share/texlive/texm
f-dist/fonts/type1/public/amsfonts/cm/cmmi7.pfb></usr/share/texlive/texmf-dist/
fonts/type1/public/amsfonts/cm/cmmi8.pfb></usr/share/texlive/texmf-dist/fonts/t
ype1/public/amsfonts/cm/cmsy10.pfb></usr/share/texlive/texmf-dist/fonts/type1/p
ublic/amsfonts/cm/cmsy7.pfb></usr/share/texlive/texmf-dist/fonts/type1/public/a
msfonts/cm/cmsy8.pfb></usr/share/texlive/texmf-dist/fonts/type1/public/amsfonts
/cm/cmsy9.pfb></usr/share/texlive/texmf-dist/fonts/type1/urw/courier/ucrb8a.pfb
></usr/share/texlive/texmf-dist/fonts/type1/urw/courier/ucrr8a.pfb></usr/share/
texlive/texmf-dist/fonts/type1/urw/courier/ucrro8a.pfb></usr/share/texlive/texm
f-dist/fonts/type1/urw/helvetic/uhvb8a.pfb></usr/share/texlive/texmf-dist/fonts
/type1/urw/helvetic/uhvb8ac.pfb></usr/share/texlive/texmf-dist/fonts/type1/urw/
helvetic/uhvr8a.pfb></usr/share/texlive/texmf-dist/fonts/type1/urw/helvetic/uhv
ro8a.pfb>
Output written on refman.pdf (86 pages, 740326 bytes).
PDF statistics:
 2215 PDF objects out of 2487 (max. 8388607)
 1885 compressed objects within 19 object streams
 665 named destinations out of 1000 (max. 500000)
 281 words of extra memory for PDF output out of 10000 (max. 10000000)

